<?xml version="1.0" encoding="UTF-8"?>
<testsuite xmlns:xsi="http://www.w3.org/2001/XMLSchema-instance" xsi:noNamespaceSchemaLocation="https://maven.apache.org/surefire/maven-surefire-plugin/xsd/surefire-test-report-3.0.xsd" version="3.0" name="com.example.azureAssignment.AzureAssignmentApplicationTests" time="10.513" tests="1" errors="0" skipped="0" failures="0">
  <properties>
[...]
</properties>
  <testcase name="contextLoads" classname="com.example.azureAssignment.AzureAssignmentApplicationTests" time="0.784">
    <system-out><![CDATA[17:59:32.807 [main] INFO org.springframework.test.context.support.AnnotationConfigContextLoaderUtils -- Could not detect default configuration classes for test class [com.example.azureAssignment.AzureAssignmentApplicationTests]: AzureAssignmentApplicationTests does not declare any static, non-private, non-final, nested classes annotated with @Configuration.
17:59:32.927 [main] INFO org.springframework.boot.test.context.SpringBootTestContextBootstrapper -- Found @SpringBootConfiguration com.example.azureAssignment.AzureAssignmentApplication for test class com.example.azureAssignment.AzureAssignmentApplicationTests
17:59:33.172 [main] INFO org.springframework.boot.devtools.restart.RestartApplicationListener -- Restart disabled due to context in which it is running

  .   ____          _            __ _ _
 /\\ / ___'_ __ _ _(_)_ __  __ _ \ \ \ \
( ( )\___ | '_ | '_| | '_ \/ _` | \ \ \ \
 \\/  ___)| |_)| | | | | || (_| |  ) ) ) )
  '  |____| .__|_| |_|_| |_\__, | / / / /
 =========|_|==============|___/=/_/_/_/
 :: Spring Boot ::                (v3.2.2)

2024-01-29T17:59:33.516+05:30  INFO 18768 --- [           main] c.e.a.AzureAssignmentApplicationTests    : Starting AzureAssignmentApplicationTests using Java 17.0.6 with PID 18768 (started by jatinkumar04 in D:\Downloads\AzureAssignment\AzureAssignment)
2024-01-29T17:59:33.518+05:30  INFO 18768 --- [           main] c.e.a.AzureAssignmentApplicationTests    : No active profile set, falling back to 1 default profile: "default"
2024-01-29T17:59:34.399+05:30  INFO 18768 --- [           main] .s.d.r.c.RepositoryConfigurationDelegate : Bootstrapping Spring Data JPA repositories in DEFAULT mode.
2024-01-29T17:59:34.514+05:30  INFO 18768 --- [           main] .s.d.r.c.RepositoryConfigurationDelegate : Finished Spring Data repository scanning in 99 ms. Found 1 JPA repository interface.
2024-01-29T17:59:35.513+05:30  INFO 18768 --- [           main] o.hibernate.jpa.internal.util.LogHelper  : HHH000204: Processing PersistenceUnitInfo [name: default]
2024-01-29T17:59:35.626+05:30  INFO 18768 --- [           main] org.hibernate.Version                    : HHH000412: Hibernate ORM core version 6.4.1.Final
2024-01-29T17:59:35.693+05:30  INFO 18768 --- [           main] o.h.c.internal.RegionFactoryInitiator    : HHH000026: Second-level cache disabled
2024-01-29T17:59:36.133+05:30  INFO 18768 --- [           main] o.s.o.j.p.SpringPersistenceUnitInfo      : No LoadTimeWeaver setup: ignoring JPA class transformer
2024-01-29T17:59:36.165+05:30  INFO 18768 --- [           main] com.zaxxer.hikari.HikariDataSource       : spring - Starting...
2024-01-29T17:59:38.217+05:30  INFO 18768 --- [           main] com.zaxxer.hikari.pool.HikariPool        : spring - Added connection ConnectionID:1 ClientConnectionId: ed592ffa-fa45-4a74-86e0-8ff3325d9e98
2024-01-29T17:59:38.218+05:30  INFO 18768 --- [           main] com.zaxxer.hikari.HikariDataSource       : spring - Start completed.
2024-01-29T17:59:38.254+05:30  WARN 18768 --- [           main] org.hibernate.orm.deprecation            : HHH90000025: SQLServer2012Dialect does not need to be specified explicitly using 'hibernate.dialect' (remove the property setting and it will be selected by default)
2024-01-29T17:59:38.254+05:30  WARN 18768 --- [           main] org.hibernate.orm.deprecation            : HHH90000026: SQLServer2012Dialect has been deprecated; use org.hibernate.dialect.SQLServerDialect instead
2024-01-29T17:59:39.841+05:30  INFO 18768 --- [           main] o.h.e.t.j.p.i.JtaPlatformInitiator       : HHH000489: No JTA platform available (set 'hibernate.transaction.jta.platform' to enable JTA platform integration)
2024-01-29T17:59:41.152+05:30  INFO 18768 --- [           main] j.LocalContainerEntityManagerFactoryBean : Initialized JPA EntityManagerFactory for persistence unit 'default'
2024-01-29T17:59:41.700+05:30  WARN 18768 --- [           main] JpaBaseConfiguration$JpaWebConfiguration : spring.jpa.open-in-view is enabled by default. Therefore, database queries may be performed during view rendering. Explicitly configure spring.jpa.open-in-view to disable this warning
2024-01-29T17:59:42.320+05:30  INFO 18768 --- [           main] c.e.a.AzureAssignmentApplicationTests    : Started AzureAssignmentApplicationTests in 9.165 seconds (process running for 10.384)
]]></system-out>
  </testcase>
</testsuite>